11:24:10 **** Incremental Build of configuration Debug for project Monprojet ****
make all 
Building target: Monprojet
Invoking: Cross GCC Linker
arm-eabi-gcc -nostartfiles -Ttext=0x200000 -o "Monprojet"  ./TP1-EX2.o   
Finished building target: Monprojet
 
11:24:40 **** Incremental Build of configuration Debug for project Monprojet ****
make all 
make: Rien à faire pour « all ».
11:25:43 **** Incremental Build of configuration Debug for project Monprojet ****
make all 
make: Rien à faire pour « all ».
16:56:46 **** Incremental Build of configuration Debug for project Monprojet ****
make all 
make: Rien à faire pour « all ».
16:56:49 **** Incremental Build of configuration Debug for project Monprojet ****
make all 
make: Rien à faire pour « all ».
16:58:02 **** Incremental Build of configuration Debug for project Monprojet ****
make all 
make: Rien à faire pour « all ».
18:18:11 **** Incremental Build of configuration Debug for project Monprojet ****
make all 
make: Rien à faire pour « all ».
18:18:15 **** Incremental Build of configuration Debug for project Monprojet ****
make all 
make: Rien à faire pour « all ».
20:28:47 **** Incremental Build of configuration Debug for project Monprojet ****
make all 
Building file: ../TP1-EX2.S
Invoking: Cross GCC Assembler
arm-eabi-as -g -o "TP1-EX2.o" "../TP1-EX2.S"
Finished building: ../TP1-EX2.S
 
Building target: Monprojet
Invoking: Cross GCC Linker
arm-eabi-gcc -nostartfiles -Ttext=0x200000 -o "Monprojet"  ./TP1-EX2.o   
Finished building target: Monprojet
 
20:30:44 **** Incremental Build of configuration Debug for project Monprojet ****
make all 
Building file: ../TP1-EX2.S
Invoking: Cross GCC Assembler
arm-eabi-as -g -o "TP1-EX2.o" "../TP1-EX2.S"
Finished building: ../TP1-EX2.S
 
Building target: Monprojet
Invoking: Cross GCC Linker
arm-eabi-gcc -nostartfiles -Ttext=0x200000 -o "Monprojet"  ./TP1-EX2.o   
Finished building target: Monprojet
 
20:41:35 **** Incremental Build of configuration Debug for project Monprojet ****
make all 
Building file: ../TP1-EX2.S
Invoking: Cross GCC Assembler
arm-eabi-as -g -o "TP1-EX2.o" "../TP1-EX2.S"
../TP1-EX2.S: Assembler messages:
../TP1-EX2.S:48: Error: immediate expression requires a # prefix -- `orr r5,w,z,lsl#16'
make: *** [TP1-EX2.o] Erreur 1
20:42:24 **** Incremental Build of configuration Debug for project Monprojet ****
make all 
Building file: ../TP1-EX2.S
Invoking: Cross GCC Assembler
arm-eabi-as -g -o "TP1-EX2.o" "../TP1-EX2.S"
../TP1-EX2.S: Assembler messages:
../TP1-EX2.S:48: Error: bad expression -- `orr r5,#w,#z,lsl#16'
make: *** [TP1-EX2.o] Erreur 1
20:44:35 **** Incremental Build of configuration Debug for project Monprojet ****
make all 
Building file: ../TP1-EX2.S
Invoking: Cross GCC Assembler
arm-eabi-as -g -o "TP1-EX2.o" "../TP1-EX2.S"
Finished building: ../TP1-EX2.S
 
Building target: Monprojet
Invoking: Cross GCC Linker
arm-eabi-gcc -nostartfiles -Ttext=0x200000 -o "Monprojet"  ./TP1-EX2.o   
Finished building target: Monprojet
 
20:45:23 **** Incremental Build of configuration Debug for project Monprojet ****
make all 
Building file: ../TP1-EX2.S
Invoking: Cross GCC Assembler
arm-eabi-as -g -o "TP1-EX2.o" "../TP1-EX2.S"
Finished building: ../TP1-EX2.S
 
Building target: Monprojet
Invoking: Cross GCC Linker
arm-eabi-gcc -nostartfiles -Ttext=0x200000 -o "Monprojet"  ./TP1-EX2.o   
Finished building target: Monprojet
 
20:45:35 **** Incremental Build of configuration Debug for project Monprojet ****
make all 
Building file: ../TP1-EX2.S
Invoking: Cross GCC Assembler
arm-eabi-as -g -o "TP1-EX2.o" "../TP1-EX2.S"
Finished building: ../TP1-EX2.S
 
Building target: Monprojet
Invoking: Cross GCC Linker
arm-eabi-gcc -nostartfiles -Ttext=0x200000 -o "Monprojet"  ./TP1-EX2.o   
Finished building target: Monprojet
 
20:46:00 **** Incremental Build of configuration Debug for project Monprojet ****
make all 
make: Rien à faire pour « all ».
20:47:44 **** Incremental Build of configuration Debug for project Monprojet ****
make all 
Building file: ../TP1-EX2.S
Invoking: Cross GCC Assembler
arm-eabi-as -g -o "TP1-EX2.o" "../TP1-EX2.S"
Finished building: ../TP1-EX2.S
 
Building target: Monprojet
Invoking: Cross GCC Linker
arm-eabi-gcc -nostartfiles -Ttext=0x200000 -o "Monprojet"  ./TP1-EX2.o   
Finished building target: Monprojet
 
20:47:50 **** Incremental Build of configuration Debug for project Monprojet ****
make all 
make: Rien à faire pour « all ».
20:48:55 **** Incremental Build of configuration Debug for project Monprojet ****
make all 
Building file: ../TP1-EX2.S
Invoking: Cross GCC Assembler
arm-eabi-as -g -o "TP1-EX2.o" "../TP1-EX2.S"
Finished building: ../TP1-EX2.S
 
Building target: Monprojet
Invoking: Cross GCC Linker
arm-eabi-gcc -nostartfiles -Ttext=0x200000 -o "Monprojet"  ./TP1-EX2.o   
Finished building target: Monprojet
 
20:49:02 **** Incremental Build of configuration Debug for project Monprojet ****
make all 
make: Rien à faire pour « all ».
20:50:23 **** Incremental Build of configuration Debug for project Monprojet ****
make all 
Building file: ../TP1-EX2.S
Invoking: Cross GCC Assembler
arm-eabi-as -g -o "TP1-EX2.o" "../TP1-EX2.S"
Finished building: ../TP1-EX2.S
 
Building target: Monprojet
Invoking: Cross GCC Linker
arm-eabi-gcc -nostartfiles -Ttext=0x200000 -o "Monprojet"  ./TP1-EX2.o   
Finished building target: Monprojet
 
20:50:26 **** Incremental Build of configuration Debug for project Monprojet ****
make all 
make: Rien à faire pour « all ».
20:53:12 **** Incremental Build of configuration Debug for project Monprojet ****
make all 
Building file: ../TP1-EX2.S
Invoking: Cross GCC Assembler
arm-eabi-as -g -o "TP1-EX2.o" "../TP1-EX2.S"
Finished building: ../TP1-EX2.S
 
Building target: Monprojet
Invoking: Cross GCC Linker
arm-eabi-gcc -nostartfiles -Ttext=0x200000 -o "Monprojet"  ./TP1-EX2.o   
Finished building target: Monprojet
 
20:53:16 **** Incremental Build of configuration Debug for project Monprojet ****
make all 
make: Rien à faire pour « all ».
21:15:41 **** Incremental Build of configuration Debug for project Monprojet ****
make all 
Building file: ../TP1-EX2.S
Invoking: Cross GCC Assembler
arm-eabi-as -g -o "TP1-EX2.o" "../TP1-EX2.S"
Finished building: ../TP1-EX2.S
 
Building target: Monprojet
Invoking: Cross GCC Linker
arm-eabi-gcc -nostartfiles -Ttext=0x200000 -o "Monprojet"  ./TP1-EX2.o   
Finished building target: Monprojet
 
16:43:10 **** Incremental Build of configuration Debug for project Monprojet ****
make all 
Building file: ../TP1-EX2.S
Invoking: Cross GCC Assembler
arm-eabi-as -g -o "TP1-EX2.o" "../TP1-EX2.S"
../TP1-EX2.S: Assembler messages:
../TP1-EX2.S:59: Error: symbol `SP_DEPLACER_ETOILE' is already defined
make: *** [TP1-EX2.o] Erreur 1
16:43:18 **** Incremental Build of configuration Debug for project Monprojet ****
make all 
Building file: ../TP1-EX2.S
Invoking: Cross GCC Assembler
arm-eabi-as -g -o "TP1-EX2.o" "../TP1-EX2.S"
../TP1-EX2.S: Assembler messages:
../TP1-EX2.S:59: Error: symbol `SP_DEPLACER_ETOILE' is already defined
make: *** [TP1-EX2.o] Erreur 1
16:45:15 **** Incremental Build of configuration Debug for project Monprojet ****
make all 
Building file: ../TP1-EX2.S
Invoking: Cross GCC Assembler
arm-eabi-as -g -o "TP1-EX2.o" "../TP1-EX2.S"
Finished building: ../TP1-EX2.S
 
Building target: Monprojet
Invoking: Cross GCC Linker
arm-eabi-gcc -nostartfiles -Ttext=0x200000 -o "Monprojet"  ./TP1-EX2.o   
Finished building target: Monprojet
 
16:45:21 **** Incremental Build of configuration Debug for project Monprojet ****
make all 
make: Rien à faire pour « all ».
17:17:17 **** Incremental Build of configuration Debug for project Monprojet ****
make all 
make: Rien à faire pour « all ».
20:48:08 **** Incremental Build of configuration Debug for project Monprojet ****
make all 
Building file: ../TP1-EX2.S
Invoking: Cross GCC Assembler
arm-eabi-as -g -o "TP1-EX2.o" "../TP1-EX2.S"
Finished building: ../TP1-EX2.S
 
Building target: Monprojet
Invoking: Cross GCC Linker
arm-eabi-gcc -nostartfiles -Ttext=0x200000 -o "Monprojet"  ./TP1-EX2.o   
Finished building target: Monprojet
 
20:48:14 **** Incremental Build of configuration Debug for project Monprojet ****
make all 
make: Rien à faire pour « all ».
21:26:10 **** Incremental Build of configuration Debug for project Monprojet ****
make all 
Building file: ../TP1-EX2.S
Invoking: Cross GCC Assembler
arm-eabi-as -g -o "TP1-EX2.o" "../TP1-EX2.S"
Finished building: ../TP1-EX2.S
 
Building target: Monprojet
Invoking: Cross GCC Linker
arm-eabi-gcc -nostartfiles -Ttext=0x200000 -o "Monprojet"  ./TP1-EX2.o   
Finished building target: Monprojet
 
21:27:06 **** Incremental Build of configuration Debug for project Monprojet ****
make all 
make: Rien à faire pour « all ».
21:37:28 **** Incremental Build of configuration Debug for project Monprojet ****
make all 
Building file: ../TP1-EX2.S
Invoking: Cross GCC Assembler
arm-eabi-as -g -o "TP1-EX2.o" "../TP1-EX2.S"
Finished building: ../TP1-EX2.S
 
Building target: Monprojet
Invoking: Cross GCC Linker
arm-eabi-gcc -nostartfiles -Ttext=0x200000 -o "Monprojet"  ./TP1-EX2.o   
Finished building target: Monprojet
 
23:18:37 **** Incremental Build of configuration Debug for project Monprojet ****
make all 
Building file: ../TP1-EX2.S
Invoking: Cross GCC Assembler
arm-eabi-as -g -o "TP1-EX2.o" "../TP1-EX2.S"
Finished building: ../TP1-EX2.S
 
Building target: Monprojet
Invoking: Cross GCC Linker
arm-eabi-gcc -nostartfiles -Ttext=0x200000 -o "Monprojet"  ./TP1-EX2.o   
Finished building target: Monprojet
 
23:20:27 **** Incremental Build of configuration Debug for project Monprojet ****
make all 
Building file: ../TP1-EX2.S
Invoking: Cross GCC Assembler
arm-eabi-as -g -o "TP1-EX2.o" "../TP1-EX2.S"
Finished building: ../TP1-EX2.S
 
Building target: Monprojet
Invoking: Cross GCC Linker
arm-eabi-gcc -nostartfiles -Ttext=0x200000 -o "Monprojet"  ./TP1-EX2.o   
Finished building target: Monprojet
 
23:29:14 **** Incremental Build of configuration Debug for project Monprojet ****
make all 
Building file: ../TP1-EX2.S
Invoking: Cross GCC Assembler
arm-eabi-as -g -o "TP1-EX2.o" "../TP1-EX2.S"
Finished building: ../TP1-EX2.S
 
Building target: Monprojet
Invoking: Cross GCC Linker
arm-eabi-gcc -nostartfiles -Ttext=0x200000 -o "Monprojet"  ./TP1-EX2.o   
Finished building target: Monprojet
 
23:42:46 **** Incremental Build of configuration Debug for project Monprojet ****
make all 
Building file: ../TP1-EX2.S
Invoking: Cross GCC Assembler
arm-eabi-as -g -o "TP1-EX2.o" "../TP1-EX2.S"
Finished building: ../TP1-EX2.S
 
Building target: Monprojet
Invoking: Cross GCC Linker
arm-eabi-gcc -nostartfiles -Ttext=0x200000 -o "Monprojet"  ./TP1-EX2.o   
Finished building target: Monprojet
 
10:22:15 **** Incremental Build of configuration Debug for project Monprojet ****
make all 
Building file: ../TP1-EX2.S
Invoking: Cross GCC Assembler
arm-eabi-as -g -o "TP1-EX2.o" "../TP1-EX2.S"
Finished building: ../TP1-EX2.S
 
Building target: Monprojet
Invoking: Cross GCC Linker
arm-eabi-gcc -nostartfiles -Ttext=0x200000 -o "Monprojet"  ./TP1-EX2.o   
Finished building target: Monprojet
 
17:57:40 **** Incremental Build of configuration Debug for project Monprojet ****
make all 
Building file: ../TP1-EX2.S
Invoking: Cross GCC Assembler
arm-eabi-as -g -o "TP1-EX2.o" "../TP1-EX2.S"
Finished building: ../TP1-EX2.S
 
Building target: Monprojet
Invoking: Cross GCC Linker
arm-eabi-gcc -nostartfiles -Ttext=0x200000 -o "Monprojet"  ./TP1-EX2.o   
Finished building target: Monprojet
 
17:57:44 **** Incremental Build of configuration Debug for project Monprojet ****
make all 
make: Rien à faire pour « all ».
18:00:22 **** Incremental Build of configuration Debug for project Monprojet ****
make all 
Building file: ../TP1-EX2.S
Invoking: Cross GCC Assembler
arm-eabi-as -g -o "TP1-EX2.o" "../TP1-EX2.S"
Finished building: ../TP1-EX2.S
 
Building target: Monprojet
Invoking: Cross GCC Linker
arm-eabi-gcc -nostartfiles -Ttext=0x200000 -o "Monprojet"  ./TP1-EX2.o   
Finished building target: Monprojet
 
18:00:27 **** Incremental Build of configuration Debug for project Monprojet ****
make all 
make: Rien à faire pour « all ».
18:15:16 **** Incremental Build of configuration Debug for project Monprojet ****
make all 
Building file: ../TP1-EX2.S
Invoking: Cross GCC Assembler
arm-eabi-as -g -o "TP1-EX2.o" "../TP1-EX2.S"
Finished building: ../TP1-EX2.S
 
Building target: Monprojet
Invoking: Cross GCC Linker
arm-eabi-gcc -nostartfiles -Ttext=0x200000 -o "Monprojet"  ./TP1-EX2.o   
Finished building target: Monprojet
 
19:09:32 **** Incremental Build of configuration Debug for project Monprojet ****
make all 
Building file: ../TP1-EX2.S
Invoking: Cross GCC Assembler
arm-eabi-as -g -o "TP1-EX2.o" "../TP1-EX2.S"
Finished building: ../TP1-EX2.S
 
Building target: Monprojet
Invoking: Cross GCC Linker
arm-eabi-gcc -nostartfiles -Ttext=0x200000 -o "Monprojet"  ./TP1-EX2.o   
Finished building target: Monprojet
 
19:12:03 **** Incremental Build of configuration Debug for project Monprojet ****
make all 
Building file: ../TP1-EX2.S
Invoking: Cross GCC Assembler
arm-eabi-as -g -o "TP1-EX2.o" "../TP1-EX2.S"
Finished building: ../TP1-EX2.S
 
Building target: Monprojet
Invoking: Cross GCC Linker
arm-eabi-gcc -nostartfiles -Ttext=0x200000 -o "Monprojet"  ./TP1-EX2.o   
Finished building target: Monprojet
 
19:12:06 **** Incremental Build of configuration Debug for project Monprojet ****
make all 
make: Rien à faire pour « all ».
20:39:21 **** Incremental Build of configuration Debug for project Monprojet ****
make all 
Building file: ../TP1-EX2.S
Invoking: Cross GCC Assembler
arm-eabi-as -g -o "TP1-EX2.o" "../TP1-EX2.S"
Finished building: ../TP1-EX2.S
 
Building target: Monprojet
Invoking: Cross GCC Linker
arm-eabi-gcc -nostartfiles -Ttext=0x200000 -o "Monprojet"  ./TP1-EX2.o   
Finished building target: Monprojet
 
20:39:29 **** Incremental Build of configuration Debug for project Monprojet ****
make all 
make: Rien à faire pour « all ».
20:52:52 **** Incremental Build of configuration Debug for project Monprojet ****
make all 
Building file: ../TP1-EX2.S
Invoking: Cross GCC Assembler
arm-eabi-as -g -o "TP1-EX2.o" "../TP1-EX2.S"
Finished building: ../TP1-EX2.S
 
Building target: Monprojet
Invoking: Cross GCC Linker
arm-eabi-gcc -nostartfiles -Ttext=0x200000 -o "Monprojet"  ./TP1-EX2.o   
Finished building target: Monprojet
 
20:53:10 **** Incremental Build of configuration Debug for project Monprojet ****
make all 
make: Rien à faire pour « all ».
21:13:24 **** Incremental Build of configuration Debug for project Monprojet ****
make all 
Building file: ../TP1-EX2.S
Invoking: Cross GCC Assembler
arm-eabi-as -g -o "TP1-EX2.o" "../TP1-EX2.S"
Finished building: ../TP1-EX2.S
 
Building target: Monprojet
Invoking: Cross GCC Linker
arm-eabi-gcc -nostartfiles -Ttext=0x200000 -o "Monprojet"  ./TP1-EX2.o   
Finished building target: Monprojet
 
21:13:48 **** Incremental Build of configuration Debug for project Monprojet ****
make all 
make: Rien à faire pour « all ».
21:24:17 **** Incremental Build of configuration Debug for project Monprojet ****
make all 
Building file: ../TP1-EX2.S
Invoking: Cross GCC Assembler
arm-eabi-as -g -o "TP1-EX2.o" "../TP1-EX2.S"
../TP1-EX2.S: Assembler messages:
../TP1-EX2.S:41: Error: symbol `f_tq' is already defined
make: *** [TP1-EX2.o] Erreur 1
21:24:41 **** Incremental Build of configuration Debug for project Monprojet ****
make all 
Building file: ../TP1-EX2.S
Invoking: Cross GCC Assembler
arm-eabi-as -g -o "TP1-EX2.o" "../TP1-EX2.S"
Finished building: ../TP1-EX2.S
 
Building target: Monprojet
Invoking: Cross GCC Linker
arm-eabi-gcc -nostartfiles -Ttext=0x200000 -o "Monprojet"  ./TP1-EX2.o   
Finished building target: Monprojet
 
21:24:47 **** Incremental Build of configuration Debug for project Monprojet ****
make all 
make: Rien à faire pour « all ».
21:25:39 **** Incremental Build of configuration Debug for project Monprojet ****
make all 
make: Rien à faire pour « all ».
21:25:45 **** Incremental Build of configuration Debug for project Monprojet ****
make all 
make: Rien à faire pour « all ».
21:27:00 **** Incremental Build of configuration Debug for project Monprojet ****
make all 
Building file: ../TP1-EX2.S
Invoking: Cross GCC Assembler
arm-eabi-as -g -o "TP1-EX2.o" "../TP1-EX2.S"
Finished building: ../TP1-EX2.S
 
Building target: Monprojet
Invoking: Cross GCC Linker
arm-eabi-gcc -nostartfiles -Ttext=0x200000 -o "Monprojet"  ./TP1-EX2.o   
Finished building target: Monprojet
 
21:27:17 **** Incremental Build of configuration Debug for project Monprojet ****
make all 
make: Rien à faire pour « all ».
22:23:53 **** Incremental Build of configuration Debug for project Monprojet ****
make all 
Building file: ../TP1-EX2.S
Invoking: Cross GCC Assembler
arm-eabi-as -g -o "TP1-EX2.o" "../TP1-EX2.S"
Finished building: ../TP1-EX2.S
 
Building target: Monprojet
Invoking: Cross GCC Linker
arm-eabi-gcc -nostartfiles -Ttext=0x200000 -o "Monprojet"  ./TP1-EX2.o   
Finished building target: Monprojet
 
22:24:07 **** Incremental Build of configuration Debug for project Monprojet ****
make all 
make: Rien à faire pour « all ».
22:28:27 **** Incremental Build of configuration Debug for project Monprojet ****
make all 
make: Rien à faire pour « all ».
22:34:26 **** Incremental Build of configuration Debug for project Monprojet ****
make all 
Building file: ../TP1-EX2.S
Invoking: Cross GCC Assembler
arm-eabi-as -g -o "TP1-EX2.o" "../TP1-EX2.S"
Finished building: ../TP1-EX2.S
 
Building target: Monprojet
Invoking: Cross GCC Linker
arm-eabi-gcc -nostartfiles -Ttext=0x200000 -o "Monprojet"  ./TP1-EX2.o   
Finished building target: Monprojet
 
22:34:29 **** Incremental Build of configuration Debug for project Monprojet ****
make all 
make: Rien à faire pour « all ».
22:36:10 **** Incremental Build of configuration Debug for project Monprojet ****
make all 
make: Rien à faire pour « all ».
11:12:37 **** Incremental Build of configuration Debug for project Monprojet ****
make all 
Building file: ../TP1-EX2.S
Invoking: Cross GCC Assembler
arm-eabi-as -g -o "TP1-EX2.o" "../TP1-EX2.S"
Finished building: ../TP1-EX2.S
 
Building target: Monprojet
Invoking: Cross GCC Linker
arm-eabi-gcc -nostartfiles -Ttext=0x200000 -o "Monprojet"  ./TP1-EX2.o   
Finished building target: Monprojet
 
11:14:15 **** Incremental Build of configuration Debug for project Monprojet ****
make all 
Building file: ../TP1-EX2.S
Invoking: Cross GCC Assembler
arm-eabi-as -g -o "TP1-EX2.o" "../TP1-EX2.S"
Finished building: ../TP1-EX2.S
 
Building target: Monprojet
Invoking: Cross GCC Linker
arm-eabi-gcc -nostartfiles -Ttext=0x200000 -o "Monprojet"  ./TP1-EX2.o   
Finished building target: Monprojet
 
19:19:15 **** Incremental Build of configuration Debug for project Monprojet ****
make all 
Building file: ../TP1-EX2.S
Invoking: Cross GCC Assembler
arm-eabi-as -g -o "TP1-EX2.o" "../TP1-EX2.S"
../TP1-EX2.S: Assembler messages:
../TP1-EX2.S:11: Error: immediate expression requires a # prefix -- `mov r5,1'
make: *** [TP1-EX2.o] Erreur 1
19:19:48 **** Incremental Build of configuration Debug for project Monprojet ****
make all 
Building file: ../TP1-EX2.S
Invoking: Cross GCC Assembler
arm-eabi-as -g -o "TP1-EX2.o" "../TP1-EX2.S"
Finished building: ../TP1-EX2.S
 
Building target: Monprojet
Invoking: Cross GCC Linker
arm-eabi-gcc -nostartfiles -Ttext=0x200000 -o "Monprojet"  ./TP1-EX2.o   
Finished building target: Monprojet
 
19:19:54 **** Incremental Build of configuration Debug for project Monprojet ****
make all 
make: Rien à faire pour « all ».
19:21:21 **** Incremental Build of configuration Debug for project Monprojet ****
make all 
make: Rien à faire pour « all ».
19:21:58 **** Incremental Build of configuration Debug for project Monprojet ****
make all 
Building file: ../TP1-EX2.S
Invoking: Cross GCC Assembler
arm-eabi-as -g -o "TP1-EX2.o" "../TP1-EX2.S"
Finished building: ../TP1-EX2.S
 
Building target: Monprojet
Invoking: Cross GCC Linker
arm-eabi-gcc -nostartfiles -Ttext=0x200000 -o "Monprojet"  ./TP1-EX2.o   
Finished building target: Monprojet
 
19:22:04 **** Incremental Build of configuration Debug for project Monprojet ****
make all 
make: Rien à faire pour « all ».
19:26:12 **** Incremental Build of configuration Debug for project Monprojet ****
make all 
Building file: ../TP1-EX2.S
Invoking: Cross GCC Assembler
arm-eabi-as -g -o "TP1-EX2.o" "../TP1-EX2.S"
Finished building: ../TP1-EX2.S
 
Building target: Monprojet
Invoking: Cross GCC Linker
arm-eabi-gcc -nostartfiles -Ttext=0x200000 -o "Monprojet"  ./TP1-EX2.o   
Finished building target: Monprojet
 
19:26:23 **** Incremental Build of configuration Debug for project Monprojet ****
make all 
make: Rien à faire pour « all ».
19:29:57 **** Incremental Build of configuration Debug for project Monprojet ****
make all 
make: Rien à faire pour « all ».
19:30:01 **** Incremental Build of configuration Debug for project Monprojet ****
make all 
make: Rien à faire pour « all ».
19:32:41 **** Incremental Build of configuration Debug for project Monprojet ****
make all 
Building file: ../TP1-EX2.S
Invoking: Cross GCC Assembler
arm-eabi-as -g -o "TP1-EX2.o" "../TP1-EX2.S"
Finished building: ../TP1-EX2.S
 
Building target: Monprojet
Invoking: Cross GCC Linker
arm-eabi-gcc -nostartfiles -Ttext=0x200000 -o "Monprojet"  ./TP1-EX2.o   
Finished building target: Monprojet
 
21:37:57 **** Incremental Build of configuration Debug for project Monprojet ****
make all 
Building file: ../TP1-EX2.S
Invoking: Cross GCC Assembler
arm-eabi-as -g -o "TP1-EX2.o" "../TP1-EX2.S"
../TP1-EX2.S: Assembler messages:
../TP1-EX2.S:159: Error: ARM register expected -- `sub'
make: *** [TP1-EX2.o] Erreur 1
21:38:32 **** Incremental Build of configuration Debug for project Monprojet ****
make all 
Building file: ../TP1-EX2.S
Invoking: Cross GCC Assembler
arm-eabi-as -g -o "TP1-EX2.o" "../TP1-EX2.S"
Finished building: ../TP1-EX2.S
 
Building target: Monprojet
Invoking: Cross GCC Linker
arm-eabi-gcc -nostartfiles -Ttext=0x200000 -o "Monprojet"  ./TP1-EX2.o   
Finished building target: Monprojet
 
21:42:02 **** Incremental Build of configuration Debug for project Monprojet ****
make all 
Building file: ../TP1-EX2.S
Invoking: Cross GCC Assembler
arm-eabi-as -g -o "TP1-EX2.o" "../TP1-EX2.S"
../TP1-EX2.S: Assembler messages:
../TP1-EX2.S:13: Error: invalid constant (ffff) after fixup
make: *** [TP1-EX2.o] Erreur 1
21:43:26 **** Incremental Build of configuration Debug for project Monprojet ****
make all 
Building file: ../TP1-EX2.S
Invoking: Cross GCC Assembler
arm-eabi-as -g -o "TP1-EX2.o" "../TP1-EX2.S"
Finished building: ../TP1-EX2.S
 
Building target: Monprojet
Invoking: Cross GCC Linker
arm-eabi-gcc -nostartfiles -Ttext=0x200000 -o "Monprojet"  ./TP1-EX2.o   
Finished building target: Monprojet
 
21:43:34 **** Incremental Build of configuration Debug for project Monprojet ****
make all 
make: Rien à faire pour « all ».
21:50:28 **** Incremental Build of configuration Debug for project Monprojet ****
make all 
Building file: ../TP1-EX2.S
Invoking: Cross GCC Assembler
arm-eabi-as -g -o "TP1-EX2.o" "../TP1-EX2.S"
Finished building: ../TP1-EX2.S
 
Building target: Monprojet
Invoking: Cross GCC Linker
arm-eabi-gcc -nostartfiles -Ttext=0x200000 -o "Monprojet"  ./TP1-EX2.o   
Finished building target: Monprojet
 
16:14:10 **** Incremental Build of configuration Debug for project Monprojet ****
make all 
Building file: ../TP1-EX2.S
Invoking: Cross GCC Assembler
arm-eabi-as -g -o "TP1-EX2.o" "../TP1-EX2.S"
Finished building: ../TP1-EX2.S
 
Building target: Monprojet
Invoking: Cross GCC Linker
arm-eabi-gcc -nostartfiles -Ttext=0x200000 -o "Monprojet"  ./TP1-EX2.o   
Finished building target: Monprojet
 
16:14:32 **** Incremental Build of configuration Debug for project Monprojet ****
make all 
make: Rien à faire pour « all ».
16:15:38 **** Incremental Build of configuration Debug for project Monprojet ****
make all 
make: Rien à faire pour « all ».
16:15:41 **** Incremental Build of configuration Debug for project Monprojet ****
make all 
make: Rien à faire pour « all ».
16:22:17 **** Incremental Build of configuration Debug for project Monprojet ****
make all 
Building file: ../TP1-EX2.S
Invoking: Cross GCC Assembler
arm-eabi-as -g -o "TP1-EX2.o" "../TP1-EX2.S"
Finished building: ../TP1-EX2.S
 
Building target: Monprojet
Invoking: Cross GCC Linker
arm-eabi-gcc -nostartfiles -Ttext=0x200000 -o "Monprojet"  ./TP1-EX2.o   
Finished building target: Monprojet
 
16:22:21 **** Incremental Build of configuration Debug for project Monprojet ****
make all 
make: Rien à faire pour « all ».
16:37:13 **** Incremental Build of configuration Debug for project Monprojet ****
make all 
make: Rien à faire pour « all ».
17:16:32 **** Incremental Build of configuration Debug for project Monprojet ****
make all 
Building file: ../TP1-EX2.S
Invoking: Cross GCC Assembler
arm-eabi-as -g -o "TP1-EX2.o" "../TP1-EX2.S"
Finished building: ../TP1-EX2.S
 
Building target: Monprojet
Invoking: Cross GCC Linker
arm-eabi-gcc -nostartfiles -Ttext=0x200000 -o "Monprojet"  ./TP1-EX2.o   
Finished building target: Monprojet
 
17:16:44 **** Incremental Build of configuration Debug for project Monprojet ****
make all 
make: Rien à faire pour « all ».
17:17:53 **** Incremental Build of configuration Debug for project Monprojet ****
make all 
make: Rien à faire pour « all ».
17:18:01 **** Incremental Build of configuration Debug for project Monprojet ****
make all 
make: Rien à faire pour « all ».
17:18:06 **** Incremental Build of configuration Debug for project Monprojet ****
make all 
make: Rien à faire pour « all ».
17:23:58 **** Incremental Build of configuration Debug for project Monprojet ****
make all 
make: Rien à faire pour « all ».
17:24:08 **** Incremental Build of configuration Debug for project Monprojet ****
make all 
make: Rien à faire pour « all ».
21:07:34 **** Incremental Build of configuration Debug for project Monprojet ****
make all 
Building file: ../TP1-EX2.S
Invoking: Cross GCC Assembler
arm-eabi-as -g -o "TP1-EX2.o" "../TP1-EX2.S"
Finished building: ../TP1-EX2.S
 
Building target: Monprojet
Invoking: Cross GCC Linker
arm-eabi-gcc -nostartfiles -Ttext=0x200000 -o "Monprojet"  ./TP1-EX2.o   
Finished building target: Monprojet
 
21:07:39 **** Incremental Build of configuration Debug for project Monprojet ****
make all 
make: Rien à faire pour « all ».
21:27:56 **** Incremental Build of configuration Debug for project Monprojet ****
make all 
make: Rien à faire pour « all ».
21:28:01 **** Incremental Build of configuration Debug for project Monprojet ****
make all 
make: Rien à faire pour « all ».
22:21:36 **** Incremental Build of configuration Debug for project Monprojet ****
make all 
make: Rien à faire pour « all ».
23:36:32 **** Incremental Build of configuration Debug for project Monprojet ****
make all 
Building file: ../TP1-EX2.S
Invoking: Cross GCC Assembler
arm-eabi-as -g -o "TP1-EX2.o" "../TP1-EX2.S"
Finished building: ../TP1-EX2.S
 
Building target: Monprojet
Invoking: Cross GCC Linker
arm-eabi-gcc -nostartfiles -Ttext=0x200000 -o "Monprojet"  ./TP1-EX2.o   
Finished building target: Monprojet
 
23:36:38 **** Incremental Build of configuration Debug for project Monprojet ****
make all 
make: Rien à faire pour « all ».
23:37:14 **** Incremental Build of configuration Debug for project Monprojet ****
make all 
make: Rien à faire pour « all ».
23:41:53 **** Incremental Build of configuration Debug for project Monprojet ****
make all 
Building file: ../TP1-EX2.S
Invoking: Cross GCC Assembler
arm-eabi-as -g -o "TP1-EX2.o" "../TP1-EX2.S"
Finished building: ../TP1-EX2.S
 
Building target: Monprojet
Invoking: Cross GCC Linker
arm-eabi-gcc -nostartfiles -Ttext=0x200000 -o "Monprojet"  ./TP1-EX2.o   
Finished building target: Monprojet
 
23:41:57 **** Incremental Build of configuration Debug for project Monprojet ****
make all 
make: Rien à faire pour « all ».
00:40:29 **** Incremental Build of configuration Debug for project Monprojet ****
make all 
Building file: ../TP1-EX2.S
Invoking: Cross GCC Assembler
arm-eabi-as -g -o "TP1-EX2.o" "../TP1-EX2.S"
Finished building: ../TP1-EX2.S
 
Building target: Monprojet
Invoking: Cross GCC Linker
arm-eabi-gcc -nostartfiles -Ttext=0x200000 -o "Monprojet"  ./TP1-EX2.o   
Finished building target: Monprojet
 
00:40:34 **** Incremental Build of configuration Debug for project Monprojet ****
make all 
make: Rien à faire pour « all ».
00:42:12 **** Incremental Build of configuration Debug for project Monprojet ****
make all 
make: Rien à faire pour « all ».
00:43:59 **** Incremental Build of configuration Debug for project Monprojet ****
make all 
make: Rien à faire pour « all ».
00:49:31 **** Incremental Build of configuration Debug for project Monprojet ****
make all 
Building file: ../TP1-EX2.S
Invoking: Cross GCC Assembler
arm-eabi-as -g -o "TP1-EX2.o" "../TP1-EX2.S"
Finished building: ../TP1-EX2.S
 
Building target: Monprojet
Invoking: Cross GCC Linker
arm-eabi-gcc -nostartfiles -Ttext=0x200000 -o "Monprojet"  ./TP1-EX2.o   
Finished building target: Monprojet
 
00:49:34 **** Incremental Build of configuration Debug for project Monprojet ****
make all 
make: Rien à faire pour « all ».
09:39:52 **** Incremental Build of configuration Debug for project Monprojet ****
make all 
Building file: ../TP1-EX2.S
Invoking: Cross GCC Assembler
arm-eabi-as -g -o "TP1-EX2.o" "../TP1-EX2.S"
Finished building: ../TP1-EX2.S
 
Building target: Monprojet
Invoking: Cross GCC Linker
arm-eabi-gcc -nostartfiles -Ttext=0x200000 -o "Monprojet"  ./TP1-EX2.o   
Finished building target: Monprojet
 
09:40:00 **** Incremental Build of configuration Debug for project Monprojet ****
make all 
make: Rien à faire pour « all ».
09:45:17 **** Incremental Build of configuration Debug for project Monprojet ****
make all 
make: Rien à faire pour « all ».
09:55:47 **** Incremental Build of configuration Debug for project Monprojet ****
make all 
Building file: ../TP1-EX2.S
Invoking: Cross GCC Assembler
arm-eabi-as -g -o "TP1-EX2.o" "../TP1-EX2.S"
../TP1-EX2.S: Assembler messages:
../TP1-EX2.S:127: Error: bad instruction `r9,lsr r6'
make: *** [TP1-EX2.o] Erreur 1
09:56:04 **** Incremental Build of configuration Debug for project Monprojet ****
make all 
Building file: ../TP1-EX2.S
Invoking: Cross GCC Assembler
arm-eabi-as -g -o "TP1-EX2.o" "../TP1-EX2.S"
../TP1-EX2.S: Assembler messages:
../TP1-EX2.S:127: Error: bad instruction `r9,lsr #7'
make: *** [TP1-EX2.o] Erreur 1
09:56:08 **** Incremental Build of configuration Debug for project Monprojet ****
make all 
Building file: ../TP1-EX2.S
Invoking: Cross GCC Assembler
arm-eabi-as -g -o "TP1-EX2.o" "../TP1-EX2.S"
../TP1-EX2.S: Assembler messages:
../TP1-EX2.S:127: Error: bad instruction `r9,lsr #7'
make: *** [TP1-EX2.o] Erreur 1
10:10:41 **** Incremental Build of configuration Debug for project Monprojet ****
make all 
Building file: ../TP1-EX2.S
Invoking: Cross GCC Assembler
arm-eabi-as -g -o "TP1-EX2.o" "../TP1-EX2.S"
../TP1-EX2.S: Assembler messages:
../TP1-EX2.S:127: Error: bad instruction `r9,LSL r6'
make: *** [TP1-EX2.o] Erreur 1
10:14:47 **** Incremental Build of configuration Debug for project Monprojet ****
make all 
Building file: ../TP1-EX2.S
Invoking: Cross GCC Assembler
arm-eabi-as -g -o "TP1-EX2.o" "../TP1-EX2.S"
../TP1-EX2.S: Assembler messages:
../TP1-EX2.S:127: Error: bad instruction `r9,ROR r6'
make: *** [TP1-EX2.o] Erreur 1
10:15:27 **** Incremental Build of configuration Debug for project Monprojet ****
make all 
Building file: ../TP1-EX2.S
Invoking: Cross GCC Assembler
arm-eabi-as -g -o "TP1-EX2.o" "../TP1-EX2.S"
Finished building: ../TP1-EX2.S
 
Building target: Monprojet
Invoking: Cross GCC Linker
arm-eabi-gcc -nostartfiles -Ttext=0x200000 -o "Monprojet"  ./TP1-EX2.o   
Finished building target: Monprojet
 
10:15:36 **** Incremental Build of configuration Debug for project Monprojet ****
make all 
make: Rien à faire pour « all ».
10:20:06 **** Incremental Build of configuration Debug for project Monprojet ****
make all 
Building file: ../TP1-EX2.S
Invoking: Cross GCC Assembler
arm-eabi-as -g -o "TP1-EX2.o" "../TP1-EX2.S"
Finished building: ../TP1-EX2.S
 
Building target: Monprojet
Invoking: Cross GCC Linker
arm-eabi-gcc -nostartfiles -Ttext=0x200000 -o "Monprojet"  ./TP1-EX2.o   
Finished building target: Monprojet
 
10:20:20 **** Incremental Build of configuration Debug for project Monprojet ****
make all 
make: Rien à faire pour « all ».
10:20:32 **** Incremental Build of configuration Debug for project Monprojet ****
make all 
make: Rien à faire pour « all ».
11:22:20 **** Incremental Build of configuration Debug for project Monprojet ****
make all 
Building file: ../TP1-EX2.S
Invoking: Cross GCC Assembler
arm-eabi-as -g -o "TP1-EX2.o" "../TP1-EX2.S"
Finished building: ../TP1-EX2.S
 
Building target: Monprojet
Invoking: Cross GCC Linker
arm-eabi-gcc -nostartfiles -Ttext=0x200000 -o "Monprojet"  ./TP1-EX2.o   
Finished building target: Monprojet
 
11:22:29 **** Incremental Build of configuration Debug for project Monprojet ****
make all 
make: Rien à faire pour « all ».
11:34:10 **** Incremental Build of configuration Debug for project Monprojet ****
make all 
make: Rien à faire pour « all ».
11:46:45 **** Incremental Build of configuration Debug for project Monprojet ****
make all 
make: Rien à faire pour « all ».
12:40:49 **** Incremental Build of configuration Debug for project Monprojet ****
make all 
Building file: ../TP1-EX2.S
Invoking: Cross GCC Assembler
arm-eabi-as -g -o "TP1-EX2.o" "../TP1-EX2.S"
Finished building: ../TP1-EX2.S
 
Building target: Monprojet
Invoking: Cross GCC Linker
arm-eabi-gcc -nostartfiles -Ttext=0x200000 -o "Monprojet"  ./TP1-EX2.o   
Finished building target: Monprojet
 
12:41:39 **** Incremental Build of configuration Debug for project Monprojet ****
make all 
Building file: ../TP1-EX2.S
Invoking: Cross GCC Assembler
arm-eabi-as -g -o "TP1-EX2.o" "../TP1-EX2.S"
Finished building: ../TP1-EX2.S
 
Building target: Monprojet
Invoking: Cross GCC Linker
arm-eabi-gcc -nostartfiles -Ttext=0x200000 -o "Monprojet"  ./TP1-EX2.o   
Finished building target: Monprojet
 
12:41:44 **** Incremental Build of configuration Debug for project Monprojet ****
make all 
make: Rien à faire pour « all ».
12:45:21 **** Incremental Build of configuration Debug for project Monprojet ****
make all 
Building file: ../TP1-EX2.S
Invoking: Cross GCC Assembler
arm-eabi-as -g -o "TP1-EX2.o" "../TP1-EX2.S"
Finished building: ../TP1-EX2.S
 
Building target: Monprojet
Invoking: Cross GCC Linker
arm-eabi-gcc -nostartfiles -Ttext=0x200000 -o "Monprojet"  ./TP1-EX2.o   
Finished building target: Monprojet
 
12:45:24 **** Incremental Build of configuration Debug for project Monprojet ****
make all 
make: Rien à faire pour « all ».
12:48:37 **** Incremental Build of configuration Debug for project Monprojet ****
make all 
Building file: ../TP1-EX2.S
Invoking: Cross GCC Assembler
arm-eabi-as -g -o "TP1-EX2.o" "../TP1-EX2.S"
Finished building: ../TP1-EX2.S
 
Building target: Monprojet
Invoking: Cross GCC Linker
arm-eabi-gcc -nostartfiles -Ttext=0x200000 -o "Monprojet"  ./TP1-EX2.o   
Finished building target: Monprojet
 
12:48:44 **** Incremental Build of configuration Debug for project Monprojet ****
make all 
make: Rien à faire pour « all ».
12:52:12 **** Incremental Build of configuration Debug for project Monprojet ****
make all 
Building file: ../TP1-EX2.S
Invoking: Cross GCC Assembler
arm-eabi-as -g -o "TP1-EX2.o" "../TP1-EX2.S"
Finished building: ../TP1-EX2.S
 
Building target: Monprojet
Invoking: Cross GCC Linker
arm-eabi-gcc -nostartfiles -Ttext=0x200000 -o "Monprojet"  ./TP1-EX2.o   
Finished building target: Monprojet
 
12:52:16 **** Incremental Build of configuration Debug for project Monprojet ****
make all 
make: Rien à faire pour « all ».
13:14:09 **** Incremental Build of configuration Debug for project Monprojet ****
make all 
Building file: ../TP1-EX2.S
Invoking: Cross GCC Assembler
arm-eabi-as -g -o "TP1-EX2.o" "../TP1-EX2.S"
Finished building: ../TP1-EX2.S
 
Building target: Monprojet
Invoking: Cross GCC Linker
arm-eabi-gcc -nostartfiles -Ttext=0x200000 -o "Monprojet"  ./TP1-EX2.o   
Finished building target: Monprojet
 
13:14:18 **** Incremental Build of configuration Debug for project Monprojet ****
make all 
make: Rien à faire pour « all ».
13:16:18 **** Incremental Build of configuration Debug for project Monprojet ****
make all 
Building file: ../TP1-EX2.S
Invoking: Cross GCC Assembler
arm-eabi-as -g -o "TP1-EX2.o" "../TP1-EX2.S"
Finished building: ../TP1-EX2.S
 
Building target: Monprojet
Invoking: Cross GCC Linker
arm-eabi-gcc -nostartfiles -Ttext=0x200000 -o "Monprojet"  ./TP1-EX2.o   
Finished building target: Monprojet
 
13:16:31 **** Incremental Build of configuration Debug for project Monprojet ****
make all 
make: Rien à faire pour « all ».
13:18:53 **** Incremental Build of configuration Debug for project Monprojet ****
make all 
Building file: ../TP1-EX2.S
Invoking: Cross GCC Assembler
arm-eabi-as -g -o "TP1-EX2.o" "../TP1-EX2.S"
Finished building: ../TP1-EX2.S
 
Building target: Monprojet
Invoking: Cross GCC Linker
arm-eabi-gcc -nostartfiles -Ttext=0x200000 -o "Monprojet"  ./TP1-EX2.o   
Finished building target: Monprojet
 
13:18:57 **** Incremental Build of configuration Debug for project Monprojet ****
make all 
make: Rien à faire pour « all ».
13:22:18 **** Incremental Build of configuration Debug for project Monprojet ****
make all 
Building file: ../TP1-EX2.S
Invoking: Cross GCC Assembler
arm-eabi-as -g -o "TP1-EX2.o" "../TP1-EX2.S"
Finished building: ../TP1-EX2.S
 
Building target: Monprojet
Invoking: Cross GCC Linker
arm-eabi-gcc -nostartfiles -Ttext=0x200000 -o "Monprojet"  ./TP1-EX2.o   
Finished building target: Monprojet
 
13:22:22 **** Incremental Build of configuration Debug for project Monprojet ****
make all 
make: Rien à faire pour « all ».
13:24:35 **** Incremental Build of configuration Debug for project Monprojet ****
make all 
Building file: ../TP1-EX2.S
Invoking: Cross GCC Assembler
arm-eabi-as -g -o "TP1-EX2.o" "../TP1-EX2.S"
Finished building: ../TP1-EX2.S
 
Building target: Monprojet
Invoking: Cross GCC Linker
arm-eabi-gcc -nostartfiles -Ttext=0x200000 -o "Monprojet"  ./TP1-EX2.o   
Finished building target: Monprojet
 
13:24:40 **** Incremental Build of configuration Debug for project Monprojet ****
make all 
make: Rien à faire pour « all ».
13:26:33 **** Incremental Build of configuration Debug for project Monprojet ****
make all 
Building file: ../TP1-EX2.S
Invoking: Cross GCC Assembler
arm-eabi-as -g -o "TP1-EX2.o" "../TP1-EX2.S"
Finished building: ../TP1-EX2.S
 
Building target: Monprojet
Invoking: Cross GCC Linker
arm-eabi-gcc -nostartfiles -Ttext=0x200000 -o "Monprojet"  ./TP1-EX2.o   
Finished building target: Monprojet
 
13:26:41 **** Incremental Build of configuration Debug for project Monprojet ****
make all 
make: Rien à faire pour « all ».
14:04:14 **** Incremental Build of configuration Debug for project Monprojet ****
make all 
Building file: ../TP1-EX2.S
Invoking: Cross GCC Assembler
arm-eabi-as -g -o "TP1-EX2.o" "../TP1-EX2.S"
Finished building: ../TP1-EX2.S
 
Building target: Monprojet
Invoking: Cross GCC Linker
arm-eabi-gcc -nostartfiles -Ttext=0x200000 -o "Monprojet"  ./TP1-EX2.o   
Finished building target: Monprojet
 
14:04:29 **** Incremental Build of configuration Debug for project Monprojet ****
make all 
make: Rien à faire pour « all ».
14:07:45 **** Incremental Build of configuration Debug for project Monprojet ****
make all 
Building file: ../TP1-EX2.S
Invoking: Cross GCC Assembler
arm-eabi-as -g -o "TP1-EX2.o" "../TP1-EX2.S"
Finished building: ../TP1-EX2.S
 
Building target: Monprojet
Invoking: Cross GCC Linker
arm-eabi-gcc -nostartfiles -Ttext=0x200000 -o "Monprojet"  ./TP1-EX2.o   
Finished building target: Monprojet
 
14:07:57 **** Incremental Build of configuration Debug for project Monprojet ****
make all 
make: Rien à faire pour « all ».
14:18:35 **** Incremental Build of configuration Debug for project Monprojet ****
make all 
Building file: ../TP1-EX2.S
Invoking: Cross GCC Assembler
arm-eabi-as -g -o "TP1-EX2.o" "../TP1-EX2.S"
Finished building: ../TP1-EX2.S
 
Building target: Monprojet
Invoking: Cross GCC Linker
arm-eabi-gcc -nostartfiles -Ttext=0x200000 -o "Monprojet"  ./TP1-EX2.o   
Finished building target: Monprojet
 
14:18:38 **** Incremental Build of configuration Debug for project Monprojet ****
make all 
make: Rien à faire pour « all ».
14:25:03 **** Incremental Build of configuration Debug for project Monprojet ****
make all 
Building file: ../TP1-EX2.S
Invoking: Cross GCC Assembler
arm-eabi-as -g -o "TP1-EX2.o" "../TP1-EX2.S"
Finished building: ../TP1-EX2.S
 
Building target: Monprojet
Invoking: Cross GCC Linker
arm-eabi-gcc -nostartfiles -Ttext=0x200000 -o "Monprojet"  ./TP1-EX2.o   
Finished building target: Monprojet
 
14:25:08 **** Incremental Build of configuration Debug for project Monprojet ****
make all 
make: Rien à faire pour « all ».
14:57:35 **** Incremental Build of configuration Debug for project Monprojet ****
make all 
Building file: ../TP1-EX2.S
Invoking: Cross GCC Assembler
arm-eabi-as -g -o "TP1-EX2.o" "../TP1-EX2.S"
Finished building: ../TP1-EX2.S
 
Building target: Monprojet
Invoking: Cross GCC Linker
arm-eabi-gcc -nostartfiles -Ttext=0x200000 -o "Monprojet"  ./TP1-EX2.o   
Finished building target: Monprojet
 
14:57:41 **** Incremental Build of configuration Debug for project Monprojet ****
make all 
make: Rien à faire pour « all ».
15:20:36 **** Incremental Build of configuration Debug for project Monprojet ****
make all 
Building file: ../TP1-EX2.S
Invoking: Cross GCC Assembler
arm-eabi-as -g -o "TP1-EX2.o" "../TP1-EX2.S"
Finished building: ../TP1-EX2.S
 
Building target: Monprojet
Invoking: Cross GCC Linker
arm-eabi-gcc -nostartfiles -Ttext=0x200000 -o "Monprojet"  ./TP1-EX2.o   
Finished building target: Monprojet
 
15:20:40 **** Incremental Build of configuration Debug for project Monprojet ****
make all 
make: Rien à faire pour « all ».
15:21:48 **** Incremental Build of configuration Debug for project Monprojet ****
make all 
make: Rien à faire pour « all ».
15:21:53 **** Incremental Build of configuration Debug for project Monprojet ****
make all 
make: Rien à faire pour « all ».
15:24:00 **** Incremental Build of configuration Debug for project Monprojet ****
make all 
Building file: ../TP1-EX2.S
Invoking: Cross GCC Assembler
arm-eabi-as -g -o "TP1-EX2.o" "../TP1-EX2.S"
Finished building: ../TP1-EX2.S
 
Building target: Monprojet
Invoking: Cross GCC Linker
arm-eabi-gcc -nostartfiles -Ttext=0x200000 -o "Monprojet"  ./TP1-EX2.o   
Finished building target: Monprojet
 
15:24:03 **** Incremental Build of configuration Debug for project Monprojet ****
make all 
make: Rien à faire pour « all ».
15:26:22 **** Incremental Build of configuration Debug for project Monprojet ****
make all 
Building file: ../TP1-EX2.S
Invoking: Cross GCC Assembler
arm-eabi-as -g -o "TP1-EX2.o" "../TP1-EX2.S"
Finished building: ../TP1-EX2.S
 
Building target: Monprojet
Invoking: Cross GCC Linker
arm-eabi-gcc -nostartfiles -Ttext=0x200000 -o "Monprojet"  ./TP1-EX2.o   
Finished building target: Monprojet
 
15:26:26 **** Incremental Build of configuration Debug for project Monprojet ****
make all 
make: Rien à faire pour « all ».
15:28:22 **** Incremental Build of configuration Debug for project Monprojet ****
make all 
Building file: ../TP1-EX2.S
Invoking: Cross GCC Assembler
arm-eabi-as -g -o "TP1-EX2.o" "../TP1-EX2.S"
Finished building: ../TP1-EX2.S
 
Building target: Monprojet
Invoking: Cross GCC Linker
arm-eabi-gcc -nostartfiles -Ttext=0x200000 -o "Monprojet"  ./TP1-EX2.o   
Finished building target: Monprojet
 
15:28:26 **** Incremental Build of configuration Debug for project Monprojet ****
make all 
make: Rien à faire pour « all ».
15:30:21 **** Incremental Build of configuration Debug for project Monprojet ****
make all 
Building file: ../TP1-EX2.S
Invoking: Cross GCC Assembler
arm-eabi-as -g -o "TP1-EX2.o" "../TP1-EX2.S"
Finished building: ../TP1-EX2.S
 
Building target: Monprojet
Invoking: Cross GCC Linker
arm-eabi-gcc -nostartfiles -Ttext=0x200000 -o "Monprojet"  ./TP1-EX2.o   
Finished building target: Monprojet
 
15:30:30 **** Incremental Build of configuration Debug for project Monprojet ****
make all 
make: Rien à faire pour « all ».
15:31:00 **** Incremental Build of configuration Debug for project Monprojet ****
make all 
make: Rien à faire pour « all ».
15:31:04 **** Incremental Build of configuration Debug for project Monprojet ****
make all 
make: Rien à faire pour « all ».
15:34:35 **** Incremental Build of configuration Debug for project Monprojet ****
make all 
Building file: ../TP1-EX2.S
Invoking: Cross GCC Assembler
arm-eabi-as -g -o "TP1-EX2.o" "../TP1-EX2.S"
Finished building: ../TP1-EX2.S
 
Building target: Monprojet
Invoking: Cross GCC Linker
arm-eabi-gcc -nostartfiles -Ttext=0x200000 -o "Monprojet"  ./TP1-EX2.o   
Finished building target: Monprojet
 
15:34:42 **** Incremental Build of configuration Debug for project Monprojet ****
make all 
make: Rien à faire pour « all ».
15:41:52 **** Incremental Build of configuration Debug for project Monprojet ****
make all 
Building file: ../TP1-EX2.S
Invoking: Cross GCC Assembler
arm-eabi-as -g -o "TP1-EX2.o" "../TP1-EX2.S"
Finished building: ../TP1-EX2.S
 
Building target: Monprojet
Invoking: Cross GCC Linker
arm-eabi-gcc -nostartfiles -Ttext=0x200000 -o "Monprojet"  ./TP1-EX2.o   
Finished building target: Monprojet
 
15:41:58 **** Incremental Build of configuration Debug for project Monprojet ****
make all 
make: Rien à faire pour « all ».
15:50:08 **** Incremental Build of configuration Debug for project Monprojet ****
make all 
Building file: ../TP1-EX2.S
Invoking: Cross GCC Assembler
arm-eabi-as -g -o "TP1-EX2.o" "../TP1-EX2.S"
Finished building: ../TP1-EX2.S
 
Building target: Monprojet
Invoking: Cross GCC Linker
arm-eabi-gcc -nostartfiles -Ttext=0x200000 -o "Monprojet"  ./TP1-EX2.o   
Finished building target: Monprojet
 
15:50:12 **** Incremental Build of configuration Debug for project Monprojet ****
make all 
make: Rien à faire pour « all ».
15:51:39 **** Incremental Build of configuration Debug for project Monprojet ****
make all 
Building file: ../TP1-EX2.S
Invoking: Cross GCC Assembler
arm-eabi-as -g -o "TP1-EX2.o" "../TP1-EX2.S"
Finished building: ../TP1-EX2.S
 
Building target: Monprojet
Invoking: Cross GCC Linker
arm-eabi-gcc -nostartfiles -Ttext=0x200000 -o "Monprojet"  ./TP1-EX2.o   
Finished building target: Monprojet
 
15:51:43 **** Incremental Build of configuration Debug for project Monprojet ****
make all 
make: Rien à faire pour « all ».
15:53:15 **** Incremental Build of configuration Debug for project Monprojet ****
make all 
Building file: ../TP1-EX2.S
Invoking: Cross GCC Assembler
arm-eabi-as -g -o "TP1-EX2.o" "../TP1-EX2.S"
Finished building: ../TP1-EX2.S
 
Building target: Monprojet
Invoking: Cross GCC Linker
arm-eabi-gcc -nostartfiles -Ttext=0x200000 -o "Monprojet"  ./TP1-EX2.o   
Finished building target: Monprojet
 
15:53:21 **** Incremental Build of configuration Debug for project Monprojet ****
make all 
make: Rien à faire pour « all ».
15:56:06 **** Incremental Build of configuration Debug for project Monprojet ****
make all 
Building file: ../TP1-EX2.S
Invoking: Cross GCC Assembler
arm-eabi-as -g -o "TP1-EX2.o" "../TP1-EX2.S"
Finished building: ../TP1-EX2.S
 
Building target: Monprojet
Invoking: Cross GCC Linker
arm-eabi-gcc -nostartfiles -Ttext=0x200000 -o "Monprojet"  ./TP1-EX2.o   
Finished building target: Monprojet
 
15:56:10 **** Incremental Build of configuration Debug for project Monprojet ****
make all 
make: Rien à faire pour « all ».
15:59:20 **** Incremental Build of configuration Debug for project Monprojet ****
make all 
Building file: ../TP1-EX2.S
Invoking: Cross GCC Assembler
arm-eabi-as -g -o "TP1-EX2.o" "../TP1-EX2.S"
Finished building: ../TP1-EX2.S
 
Building target: Monprojet
Invoking: Cross GCC Linker
arm-eabi-gcc -nostartfiles -Ttext=0x200000 -o "Monprojet"  ./TP1-EX2.o   
Finished building target: Monprojet
 
15:59:25 **** Incremental Build of configuration Debug for project Monprojet ****
make all 
make: Rien à faire pour « all ».
16:26:45 **** Incremental Build of configuration Debug for project Monprojet ****
make all 
Building file: ../TP1-EX2.S
Invoking: Cross GCC Assembler
arm-eabi-as -g -o "TP1-EX2.o" "../TP1-EX2.S"
Finished building: ../TP1-EX2.S
 
Building target: Monprojet
Invoking: Cross GCC Linker
arm-eabi-gcc -nostartfiles -Ttext=0x200000 -o "Monprojet"  ./TP1-EX2.o   
Finished building target: Monprojet
 
16:26:49 **** Incremental Build of configuration Debug for project Monprojet ****
make all 
make: Rien à faire pour « all ».
16:57:22 **** Incremental Build of configuration Debug for project Monprojet ****
make all 
Building file: ../TP1-EX2.S
Invoking: Cross GCC Assembler
arm-eabi-as -g -o "TP1-EX2.o" "../TP1-EX2.S"
Finished building: ../TP1-EX2.S
 
Building target: Monprojet
Invoking: Cross GCC Linker
arm-eabi-gcc -nostartfiles -Ttext=0x200000 -o "Monprojet"  ./TP1-EX2.o   
Finished building target: Monprojet
 
16:57:27 **** Incremental Build of configuration Debug for project Monprojet ****
make all 
make: Rien à faire pour « all ».
16:58:44 **** Incremental Build of configuration Debug for project Monprojet ****
make all 
Building file: ../TP1-EX2.S
Invoking: Cross GCC Assembler
arm-eabi-as -g -o "TP1-EX2.o" "../TP1-EX2.S"
Finished building: ../TP1-EX2.S
 
Building target: Monprojet
Invoking: Cross GCC Linker
arm-eabi-gcc -nostartfiles -Ttext=0x200000 -o "Monprojet"  ./TP1-EX2.o   
Finished building target: Monprojet
 
16:58:51 **** Incremental Build of configuration Debug for project Monprojet ****
make all 
make: Rien à faire pour « all ».
17:00:03 **** Incremental Build of configuration Debug for project Monprojet ****
make all 
Building file: ../TP1-EX2.S
Invoking: Cross GCC Assembler
arm-eabi-as -g -o "TP1-EX2.o" "../TP1-EX2.S"
Finished building: ../TP1-EX2.S
 
Building target: Monprojet
Invoking: Cross GCC Linker
arm-eabi-gcc -nostartfiles -Ttext=0x200000 -o "Monprojet"  ./TP1-EX2.o   
Finished building target: Monprojet
 
17:00:09 **** Incremental Build of configuration Debug for project Monprojet ****
make all 
make: Rien à faire pour « all ».
17:03:43 **** Incremental Build of configuration Debug for project Monprojet ****
make all 
make: Rien à faire pour « all ».
17:03:46 **** Incremental Build of configuration Debug for project Monprojet ****
make all 
make: Rien à faire pour « all ».
17:04:09 **** Incremental Build of configuration Debug for project Monprojet ****
make all 
make: Rien à faire pour « all ».
17:10:18 **** Incremental Build of configuration Debug for project Monprojet ****
make all 
Building file: ../TP1-EX2.S
Invoking: Cross GCC Assembler
arm-eabi-as -g -o "TP1-EX2.o" "../TP1-EX2.S"
Finished building: ../TP1-EX2.S
 
Building target: Monprojet
Invoking: Cross GCC Linker
arm-eabi-gcc -nostartfiles -Ttext=0x200000 -o "Monprojet"  ./TP1-EX2.o   
Finished building target: Monprojet
 
17:10:23 **** Incremental Build of configuration Debug for project Monprojet ****
make all 
make: Rien à faire pour « all ».
17:13:22 **** Incremental Build of configuration Debug for project Monprojet ****
make all 
Building file: ../TP1-EX2.S
Invoking: Cross GCC Assembler
arm-eabi-as -g -o "TP1-EX2.o" "../TP1-EX2.S"
Finished building: ../TP1-EX2.S
 
Building target: Monprojet
Invoking: Cross GCC Linker
arm-eabi-gcc -nostartfiles -Ttext=0x200000 -o "Monprojet"  ./TP1-EX2.o   
Finished building target: Monprojet
 
17:13:27 **** Incremental Build of configuration Debug for project Monprojet ****
make all 
make: Rien à faire pour « all ».
17:16:31 **** Incremental Build of configuration Debug for project Monprojet ****
make all 
Building file: ../TP1-EX2.S
Invoking: Cross GCC Assembler
arm-eabi-as -g -o "TP1-EX2.o" "../TP1-EX2.S"
Finished building: ../TP1-EX2.S
 
Building target: Monprojet
Invoking: Cross GCC Linker
arm-eabi-gcc -nostartfiles -Ttext=0x200000 -o "Monprojet"  ./TP1-EX2.o   
Finished building target: Monprojet
 
17:16:37 **** Incremental Build of configuration Debug for project Monprojet ****
make all 
make: Rien à faire pour « all ».
17:19:36 **** Incremental Build of configuration Debug for project Monprojet ****
make all 
Building file: ../TP1-EX2.S
Invoking: Cross GCC Assembler
arm-eabi-as -g -o "TP1-EX2.o" "../TP1-EX2.S"
Finished building: ../TP1-EX2.S
 
Building target: Monprojet
Invoking: Cross GCC Linker
arm-eabi-gcc -nostartfiles -Ttext=0x200000 -o "Monprojet"  ./TP1-EX2.o   
Finished building target: Monprojet
 
17:19:39 **** Incremental Build of configuration Debug for project Monprojet ****
make all 
make: Rien à faire pour « all ».
17:21:26 **** Incremental Build of configuration Debug for project Monprojet ****
make all 
make: Rien à faire pour « all ».
17:21:29 **** Incremental Build of configuration Debug for project Monprojet ****
make all 
make: Rien à faire pour « all ».
17:23:33 **** Incremental Build of configuration Debug for project Monprojet ****
make all 
Building file: ../TP1-EX2.S
Invoking: Cross GCC Assembler
arm-eabi-as -g -o "TP1-EX2.o" "../TP1-EX2.S"
Finished building: ../TP1-EX2.S
 
Building target: Monprojet
Invoking: Cross GCC Linker
arm-eabi-gcc -nostartfiles -Ttext=0x200000 -o "Monprojet"  ./TP1-EX2.o   
Finished building target: Monprojet
 
17:23:40 **** Incremental Build of configuration Debug for project Monprojet ****
make all 
make: Rien à faire pour « all ».
17:24:55 **** Incremental Build of configuration Debug for project Monprojet ****
make all 
make: Rien à faire pour « all ».
17:24:58 **** Incremental Build of configuration Debug for project Monprojet ****
make all 
make: Rien à faire pour « all ».
17:26:02 **** Incremental Build of configuration Debug for project Monprojet ****
make all 
make: Rien à faire pour « all ».
17:28:30 **** Incremental Build of configuration Debug for project Monprojet ****
make all 
Building file: ../TP1-EX2.S
Invoking: Cross GCC Assembler
arm-eabi-as -g -o "TP1-EX2.o" "../TP1-EX2.S"
Finished building: ../TP1-EX2.S
 
Building target: Monprojet
Invoking: Cross GCC Linker
arm-eabi-gcc -nostartfiles -Ttext=0x200000 -o "Monprojet"  ./TP1-EX2.o   
Finished building target: Monprojet
 
17:28:32 **** Incremental Build of configuration Debug for project Monprojet ****
make all 
make: Rien à faire pour « all ».
17:34:35 **** Incremental Build of configuration Debug for project Monprojet ****
make all 
Building file: ../TP1-EX2.S
Invoking: Cross GCC Assembler
arm-eabi-as -g -o "TP1-EX2.o" "../TP1-EX2.S"
Finished building: ../TP1-EX2.S
 
Building target: Monprojet
Invoking: Cross GCC Linker
arm-eabi-gcc -nostartfiles -Ttext=0x200000 -o "Monprojet"  ./TP1-EX2.o   
Finished building target: Monprojet
 
17:34:37 **** Incremental Build of configuration Debug for project Monprojet ****
make all 
make: Rien à faire pour « all ».
17:50:05 **** Incremental Build of configuration Debug for project Monprojet ****
make all 
Building file: ../TP1-EX2.S
Invoking: Cross GCC Assembler
arm-eabi-as -g -o "TP1-EX2.o" "../TP1-EX2.S"
Finished building: ../TP1-EX2.S
 
Building target: Monprojet
Invoking: Cross GCC Linker
arm-eabi-gcc -nostartfiles -Ttext=0x200000 -o "Monprojet"  ./TP1-EX2.o   
Finished building target: Monprojet
 
17:50:14 **** Incremental Build of configuration Debug for project Monprojet ****
make all 
make: Rien à faire pour « all ».
18:56:05 **** Incremental Build of configuration Debug for project Monprojet ****
make all 
Building file: ../TP1-EX2.S
Invoking: Cross GCC Assembler
arm-eabi-as -g -o "TP1-EX2.o" "../TP1-EX2.S"
Finished building: ../TP1-EX2.S
 
Building target: Monprojet
Invoking: Cross GCC Linker
arm-eabi-gcc -nostartfiles -Ttext=0x200000 -o "Monprojet"  ./TP1-EX2.o   
Finished building target: Monprojet
 
18:56:12 **** Incremental Build of configuration Debug for project Monprojet ****
make all 
make: Rien à faire pour « all ».
19:07:26 **** Incremental Build of configuration Debug for project Monprojet ****
make all 
Building file: ../TP1-EX2.S
Invoking: Cross GCC Assembler
arm-eabi-as -g -o "TP1-EX2.o" "../TP1-EX2.S"
Finished building: ../TP1-EX2.S
 
Building target: Monprojet
Invoking: Cross GCC Linker
arm-eabi-gcc -nostartfiles -Ttext=0x200000 -o "Monprojet"  ./TP1-EX2.o   
Finished building target: Monprojet
 
20:37:30 **** Incremental Build of configuration Debug for project Monprojet ****
make all 
Building file: ../TP1-EX2.S
Invoking: Cross GCC Assembler
arm-eabi-as -g -o "TP1-EX2.o" "../TP1-EX2.S"
Finished building: ../TP1-EX2.S
 
Building target: Monprojet
Invoking: Cross GCC Linker
arm-eabi-gcc -nostartfiles -Ttext=0x200000 -o "Monprojet"  ./TP1-EX2.o   
Finished building target: Monprojet
 
20:47:38 **** Incremental Build of configuration Debug for project Monprojet ****
make all 
Building file: ../TP1-EX2.S
Invoking: Cross GCC Assembler
arm-eabi-as -g -o "TP1-EX2.o" "../TP1-EX2.S"
Finished building: ../TP1-EX2.S
 
Building target: Monprojet
Invoking: Cross GCC Linker
arm-eabi-gcc -nostartfiles -Ttext=0x200000 -o "Monprojet"  ./TP1-EX2.o   
Finished building target: Monprojet
 
20:48:34 **** Incremental Build of configuration Debug for project Monprojet ****
make all 
Building file: ../TP1-EX2.S
Invoking: Cross GCC Assembler
arm-eabi-as -g -o "TP1-EX2.o" "../TP1-EX2.S"
Finished building: ../TP1-EX2.S
 
Building target: Monprojet
Invoking: Cross GCC Linker
arm-eabi-gcc -nostartfiles -Ttext=0x200000 -o "Monprojet"  ./TP1-EX2.o   
Finished building target: Monprojet
 
20:55:36 **** Incremental Build of configuration Debug for project Monprojet ****
make all 
Building file: ../TP1-EX2.S
Invoking: Cross GCC Assembler
arm-eabi-as -g -o "TP1-EX2.o" "../TP1-EX2.S"
Finished building: ../TP1-EX2.S
 
Building target: Monprojet
Invoking: Cross GCC Linker
arm-eabi-gcc -nostartfiles -Ttext=0x200000 -o "Monprojet"  ./TP1-EX2.o   
Finished building target: Monprojet
 
20:55:40 **** Incremental Build of configuration Debug for project Monprojet ****
make all 
make: Rien à faire pour « all ».
20:57:51 **** Incremental Build of configuration Debug for project Monprojet ****
make all 
make: Rien à faire pour « all ».
20:57:55 **** Incremental Build of configuration Debug for project Monprojet ****
make all 
make: Rien à faire pour « all ».
10:09:04 **** Build of configuration Debug for project Monprojet ****
make all 
make: Rien à faire pour « all ».
10:09:16 **** Incremental Build of configuration Debug for project Monprojet ****
make all 
make: Rien à faire pour « all ».
18:07:14 **** Incremental Build of configuration Debug for project Monprojet ****
make all 
Building file: ../TP1-EX2.S
Invoking: Cross GCC Assembler
arm-eabi-as -g -o "TP1-EX2.o" "../TP1-EX2.S"
Finished building: ../TP1-EX2.S
 
Building target: Monprojet
Invoking: Cross GCC Linker
arm-eabi-gcc -nostartfiles -Ttext=0x200000 -o "Monprojet"  ./TP1-EX2.o   
Finished building target: Monprojet
 
18:08:12 **** Incremental Build of configuration Debug for project Monprojet ****
make all 
make: Rien à faire pour « all ».
18:14:47 **** Incremental Build of configuration Debug for project Monprojet ****
make all 
Building file: ../TP1-EX2.S
Invoking: Cross GCC Assembler
arm-eabi-as -g -o "TP1-EX2.o" "../TP1-EX2.S"
../TP1-EX2.S: Assembler messages:
../TP1-EX2.S:16: Error: invalid constant (584) after fixup
../TP1-EX2.S:27: Error: invalid constant (568) after fixup
../TP1-EX2.S:31: Error: invalid constant (558) after fixup
make: *** [TP1-EX2.o] Erreur 1
18:16:08 **** Incremental Build of configuration Debug for project Monprojet ****
make all 
Building file: ../TP1-EX2.S
Invoking: Cross GCC Assembler
arm-eabi-as -g -o "TP1-EX2.o" "../TP1-EX2.S"
Finished building: ../TP1-EX2.S
 
Building target: Monprojet
Invoking: Cross GCC Linker
arm-eabi-gcc -nostartfiles -Ttext=0x200000 -o "Monprojet"  ./TP1-EX2.o   
Finished building target: Monprojet
 
18:16:16 **** Incremental Build of configuration Debug for project Monprojet ****
make all 
make: Rien à faire pour « all ».
06:39:25 **** Incremental Build of configuration Debug for project Monprojet ****
make all 
make: Rien à faire pour « all ».
06:39:51 **** Incremental Build of configuration Debug for project Monprojet ****
make all 
make: Rien à faire pour « all ».
06:47:26 **** Incremental Build of configuration Debug for project Monprojet ****
make all 
make: Rien à faire pour « all ».
06:48:29 **** Incremental Build of configuration Debug for project Monprojet ****
make all 
make: Rien à faire pour « all ».
